已經開始建置於 2017/3/15 上午 04:14:27。
     1>節點 2 (build 目標) 上的專案 "C:\Users\WorkingUse\Desktop\CG_HW1\CG_HW1\CG_HW1\CG_HW1\CG_HW1.vcxproj"。
     1>InitializeBuildStatus:
         由於指定了 "AlwaysCreate"，因此正在建立 "Release\CG_HW1.unsuccessfulbuild"。
       ClCompile:
         所有輸出都是最新的。
         C:\Program Files (x86)\Microsoft Visual Studio 10.0\VC\bin\CL.exe /c /IC:\Users\WorkingUse\Desktop\CG_HW1\CG_HW1\CG_HW1\CG_HW1\\..\..\include /Zi /nologo /W3 /WX- /O2 /Oi /Oy- /GL /D WIN32 /D NDEBUG /D _CONSOLE /D _UNICODE /D UNICODE /Gm- /EHsc /MD /GS /Gy /fp:precise /Zc:wchar_t /Zc:forScope /Fo"Release\\" /Fd"Release\vc100.pdb" /Gd /TP /analyze- /errorReport:prompt main.cpp
         main.cpp
     1>main.cpp(137): warning C4018: '<' : signed/unsigned 不相符
       Link:
         C:\Program Files (x86)\Microsoft Visual Studio 10.0\VC\bin\link.exe /ERRORREPORT:PROMPT /OUT:"C:\Users\WorkingUse\Desktop\CG_HW1\CG_HW1\CG_HW1\Release\CG_HW1.exe" /INCREMENTAL:NO /NOLOGO /LIBPATH:C:\Users\WorkingUse\Desktop\CG_HW1\CG_HW1\CG_HW1\CG_HW1\\..\..\lib kernel32.lib user32.lib gdi32.lib winspool.lib comdlg32.lib advapi32.lib shell32.lib ole32.lib oleaut32.lib uuid.lib odbc32.lib odbccp32.lib /MANIFEST /ManifestFile:"Release\CG_HW1.exe.intermediate.manifest" /MANIFESTUAC:"level='asInvoker' uiAccess='false'" /DEBUG /PDB:"C:\Users\WorkingUse\Desktop\CG_HW1\CG_HW1\CG_HW1\Release\CG_HW1.pdb" /SUBSYSTEM:CONSOLE /OPT:REF /OPT:ICF /LTCG /TLBID:1 /DYNAMICBASE /NXCOMPAT /IMPLIB:"C:\Users\WorkingUse\Desktop\CG_HW1\CG_HW1\CG_HW1\Release\CG_HW1.lib" /MACHINE:X86 Release\glm.obj
         Release\main.obj
         Release\textfile.obj
         正在產生程式碼
         已完成程式碼產生
         CG_HW1.vcxproj -> C:\Users\WorkingUse\Desktop\CG_HW1\CG_HW1\CG_HW1\Release\CG_HW1.exe
       Manifest:
         C:\Program Files (x86)\Microsoft SDKs\Windows\v7.0A\bin\mt.exe /nologo /verbose /outputresource:"C:\Users\WorkingUse\Desktop\CG_HW1\CG_HW1\CG_HW1\Release\CG_HW1.exe;#1" /manifest Release\CG_HW1.exe.intermediate.manifest
       FinalizeBuildStatus:
         正在刪除檔案 "Release\CG_HW1.unsuccessfulbuild"。
         正在變更時間戳記 "Release\CG_HW1.lastbuildstate"。
     1>專案 "C:\Users\WorkingUse\Desktop\CG_HW1\CG_HW1\CG_HW1\CG_HW1\CG_HW1.vcxproj" (build 目標) 建置完成。

建置成功。

經過時間 00:00:01.06
